********************************************************************************
DUPLICATOR-LITE PACKAGE-LOG: August 16, 2021 7:40 pm
NOTICE: Do NOT post to public sites or forums 
********************************************************************************
VERSION:	1.4.0
WORDPRESS:	5.8
PHP INFO:	7.3.27 | SAPI: apache2handler
SERVER:		Apache/2.4.46 (Win64) OpenSSL/1.1.1j PHP/7.3.27 
PHP TIME LIMIT: (0) no time limit imposed 
PHP MAX MEMORY: 4294967296 (512M default) 
MEMORY STACK: 8MB
[PHP ERR][WARN] MSG:mysqli_query(): (HY000/6): Error on delete of 'C:\xampp\tmp\#sql3bc8_2b_0.MAD' (Errcode: 13 &quot;Permission denied&quot;) [CODE:2|FILE:C:\xampp\htdocs\digi\wp-includes\wp-db.php|LINE:2056]
do_action('wp_ajax_duplicator_duparchive_package_build'), WP_Hook->do_action, WP_Hook->apply_filters, duplicator_duparchive_package_build, DUP_Package->save, wpdb->insert, wpdb->_insert_replace_helper, wpdb->process_fields, wpdb->process_field_charsets, wpdb->get_col_charset, wpdb->get_table_charset, wpdb->get_results, wpdb->query, wpdb->_do_query, mysqli_query, DUP_Handler::error, DUP_Handler::getMessage

==================================================================================
DUPLICATOR ERROR
Please try again! If the error persists see the Duplicator 'Help' menu.
---------------------------------------------------------------------------------
MESSAGE:
	Duplicator is unable to insert a package record into the database table.
DETAILS:
	'Error on delete of 'C:\xampp\tmp\#sql3bc8_2b_0.MAD' (Errcode: 13 "Permission denied")'
TRACE:
	 1. class.pack.php : Error (456)
	 2. ctrl.package.php : save (159)
	 3. class-wp-hook.php : duplicator_duparchive_package_build (303)
	 4. class-wp-hook.php : apply_filters (327)
	 5. plugin.php : do_action (470)
	 6. admin-ajax.php : do_action (187)
==================================================================================

********************************************************************************
DUPLICATOR-LITE PACKAGE-LOG: August 16, 2021 7:40 pm
NOTICE: Do NOT post to public sites or forums 
********************************************************************************
VERSION:	1.4.0
WORDPRESS:	5.8
PHP INFO:	7.3.27 | SAPI: apache2handler
SERVER:		Apache/2.4.46 (Win64) OpenSSL/1.1.1j PHP/7.3.27 
PHP TIME LIMIT: (0) no time limit imposed 
PHP MAX MEMORY: 4294967296 (512M default) 
MEMORY STACK: 8MB
[CTRL DUP ARCIVE] PACKAGE AS NEW ID 24 SAVED | STATUS:0
[DUP ARCHIVE] BUILDING DATABASE

********************************************************************************
DATABASE:
********************************************************************************
BUILD MODE:   MYSQLDUMP
MYSQLTIMEOUT: 5000
MYSQLDUMP:    Is Supported
MYSQL DUMP ERROR 2

==================================================================================
DUPLICATOR ERROR
Please try again! If the error persists see the Duplicator 'Help' menu.
---------------------------------------------------------------------------------
MESSAGE:
	Shell mysql dump error. Change SQL Script to the "PHP Code" in the Duplicator > Settings > Packages.
TRACE:
	 1. class.pack.database.php : Error (572)
	 2. class.pack.database.php : mysqlDump (208)
	 3. class.pack.php : build (1242)
	 4. ctrl.package.php : runDupArchiveBuild (188)
	 5. class-wp-hook.php : duplicator_duparchive_package_build (303)
	 6. class-wp-hook.php : apply_filters (327)
	 7. plugin.php : do_action (470)
	 8. admin-ajax.php : do_action (187)
==================================================================================


==================================================================================
DUPLICATOR ERROR
Please try again! If the error persists see the Duplicator 'Help' menu.
---------------------------------------------------------------------------------
MESSAGE:
	Runtime error in DUP_Database::Build. Shell mysql dump error. Change SQL Script to the "PHP Code" in the Duplicator > Settings > Packages.
DETAILS:
	Exception: Exception: Shell mysql dump error. Change SQL Script to the "PHP Code" in the Duplicator > Settings > Packages. in C:\xampp\htdocs\digi\wp-content\plugins\duplicator\classes\class.logging.php:275
Stack trace:
#0 C:\xampp\htdocs\digi\wp-content\plugins\duplicator\classes\package\class.pack.database.php(572): DUP_Log::Error('Shell mysql dum...', '', 1)
#1 C:\xampp\htdocs\digi\wp-content\plugins\duplicator\classes\package\class.pack.database.php(208): DUP_Database->mysqlDump('C:/xampp/mysql/...')
#2 C:\xampp\htdocs\digi\wp-content\plugins\duplicator\classes\package\class.pack.php(1242): DUP_Database->build(Object(DUP_Package), 1)
#3 C:\xampp\htdocs\digi\wp-content\plugins\duplicator\ctrls\ctrl.package.php(188): DUP_Package->runDupArchiveBuild()
#4 C:\xampp\htdocs\digi\wp-includes\class-wp-hook.php(303): duplicator_duparchive_package_build('')
#5 C:\xampp\htdocs\digi\wp-includes\class-wp-hook.php(327): WP_Hook->apply_filters('', Array)
#6 C:\xampp\htdocs\digi\wp-includes\plugin.php(470): WP_Hook->do_action(Array)
#7 C:\xampp\htdocs\digi\wp-admin\admin-ajax.php(187): do_action('wp_ajax_duplica...')
#8 {main}
TRACE:
	 1. class.pack.database.php : Error (243)
	 2. class.pack.php : build (1242)
	 3. ctrl.package.php : runDupArchiveBuild (188)
	 4. class-wp-hook.php : duplicator_duparchive_package_build (303)
	 5. class-wp-hook.php : apply_filters (327)
	 6. plugin.php : do_action (470)
	 7. admin-ajax.php : do_action (187)
==================================================================================

[CTRL DUP ARCIVE] ERROR: caught exception

==================================================================================
DUPLICATOR ERROR
Please try again! If the error persists see the Duplicator 'Help' menu.
---------------------------------------------------------------------------------
MESSAGE:
	[CTRL DUP ARCIVE]  Caught exception
DETAILS:
	Runtime error in DUP_Database::Build. Shell mysql dump error. Change SQL Script to the "PHP Code" in the Duplicator > Settings > Packages.
TRACE:
	 1. ctrl.package.php : Error (192)
	 2. class-wp-hook.php : duplicator_duparchive_package_build (303)
	 3. class-wp-hook.php : apply_filters (327)
	 4. plugin.php : do_action (470)
	 5. admin-ajax.php : do_action (187)
==================================================================================

[CTRL DUP ARCIVE] ERROR: after log
[CTRL DUP ARCIVE] COMPLETED PACKAGE STATUS: -1.0
[CTRL DUP ARCIVE] ERROR

==================================================================================
DUPLICATOR ERROR
Please try again! If the error persists see the Duplicator 'Help' menu.
---------------------------------------------------------------------------------
MESSAGE:
	Build failed so sending back error
DETAILS:
	Error building DupArchive package&lt;br/&gt;
TRACE:
	 1. ctrl.package.php : Error (218)
	 2. class-wp-hook.php : duplicator_duparchive_package_build (303)
	 3. class-wp-hook.php : apply_filters (327)
	 4. plugin.php : do_action (470)
	 5. admin-ajax.php : do_action (187)
==================================================================================

[CTRL DUP ARCIVE] ERROR AFTER LOG 2
